build/app/intermediates/manifest_merge_blame_file/debug/processDebugMainManifest/manifest-merger-blame-debug-report.txt
1<?xml version="1.0" encoding="utf-8"?>
2<manifest xmlns:android="http://schemas.android.com/apk/res/android"
3    package="com.burjonet.burjo_stock"
4    android:versionCode="1"
5    android:versionName="1.0" >
6
7    <uses-sdk
8        android:minSdkVersion="23"
9        android:targetSdkVersion="34" />
10    <!--
11         The INTERNET permission is required for development. Specifically,
12         the Flutter tool needs it to communicate with the running application
13         to allow setting breakpoints, to provide hot reload, etc.
14    -->
15    <uses-permission android:name="android.permission.INTERNET" />
15-->src\main\AndroidManifest.xml:3:5-66
15-->src\main\AndroidManifest.xml:3:22-64
16
17    <queries>
17-->src\main\AndroidManifest.xml:4:5-19:15
18        <intent>
18-->src\main\AndroidManifest.xml:5:9-8:18
19            <action android:name="android.intent.action.PROCESS_TEXT" />
19-->src\main\AndroidManifest.xml:6:13-72
19-->src\main\AndroidManifest.xml:6:21-70
20
21            <data android:mimeType="text/plain" />
21-->src\main\AndroidManifest.xml:7:13-50
21-->src\main\AndroidManifest.xml:7:19-48
22        </intent>
23        <!-- Tambahkan intent filter untuk mailto -->
24        <intent>
24-->src\main\AndroidManifest.xml:10:9-13:18
25            <action android:name="android.intent.action.SENDTO" />
25-->src\main\AndroidManifest.xml:11:13-67
25-->src\main\AndroidManifest.xml:11:21-64
26
27            <data android:scheme="mailto" />
27-->src\main\AndroidManifest.xml:7:13-50
28        </intent>
29        <!-- Tambahkan intent filter untuk SEND -->
30        <intent>
30-->src\main\AndroidManifest.xml:15:9-18:18
31            <action android:name="android.intent.action.SEND" />
31-->src\main\AndroidManifest.xml:16:13-65
31-->src\main\AndroidManifest.xml:16:21-62
32
33            <data android:mimeType="*/*" />
33-->src\main\AndroidManifest.xml:7:13-50
33-->src\main\AndroidManifest.xml:7:19-48
34        </intent>
35    </queries>
36    <!--
37 Required to query activities that can process text, see:
38         https://developer.android.com/training/package-visibility and
39         https://developer.android.com/reference/android/content/Intent#ACTION_PROCESS_TEXT.
40
41         In particular, this is used by the Flutter engine in io.flutter.plugin.text.ProcessTextPlugin.
42    -->
43    <queries>
43-->src\main\AndroidManifest.xml:4:5-19:15
44        <intent>
44-->src\main\AndroidManifest.xml:5:9-8:18
45            <action android:name="android.intent.action.PROCESS_TEXT" />
45-->src\main\AndroidManifest.xml:6:13-72
45-->src\main\AndroidManifest.xml:6:21-70
46
47            <data android:mimeType="text/plain" />
47-->src\main\AndroidManifest.xml:7:13-50
47-->src\main\AndroidManifest.xml:7:19-48
48        </intent>
49    </queries>
50
51    <uses-permission android:name="android.permission.VIBRATE" />
51-->[:flutter_local_notifications] AndroidManifest.xml:7:5-66
51-->[:flutter_local_notifications] AndroidManifest.xml:7:22-63
52    <uses-permission android:name="android.permission.POST_NOTIFICATIONS" />
52-->[:flutter_local_notifications] AndroidManifest.xml:8:5-77
52-->[:flutter_local_notifications] AndroidManifest.xml:8:22-74
53    <uses-permission android:name="android.permission.WAKE_LOCK" />
53-->[:firebase_messaging] AndroidManifest.xml:8:5-68
53-->[:firebase_messaging] AndroidManifest.xml:8:22-65
54    <uses-permission android:name="android.permission.ACCESS_NETWORK_STATE" /> <!-- Required by older versions of Google Play services to create IID tokens -->
54-->[:firebase_messaging] AndroidManifest.xml:9:5-79
54-->[:firebase_messaging] AndroidManifest.xml:9:22-76
55    <uses-permission android:name="com.google.android.c2dm.permission.RECEIVE" />
55-->[com.google.firebase:firebase-messaging:24.1.0] AndroidManifest.xml:26:5-82
55-->[com.google.firebase:firebase-messaging:24.1.0] AndroidManifest.xml:26:22-79
56    <uses-permission android:name="com.google.android.providers.gsf.permission.READ_GSERVICES" />
56-->[com.google.android.recaptcha:recaptcha:18.6.1] AndroidManifest.xml:9:5-98
56-->[com.google.android.recaptcha:recaptcha:18.6.1] AndroidManifest.xml:9:22-95
57
58    <permission
58-->[androidx.core:core:1.13.1] AndroidManifest.xml:22:5-24:47
59        android:name="com.burjonet.burjo_stock.DYNAMIC_RECEIVER_NOT_EXPORTED_PERMISSION"
59-->[androidx.core:core:1.13.1] AndroidManifest.xml:23:9-81
60        android:protectionLevel="signature" />
60-->[androidx.core:core:1.13.1] AndroidManifest.xml:24:9-44
61
62    <uses-permission android:name="com.burjonet.burjo_stock.DYNAMIC_RECEIVER_NOT_EXPORTED_PERMISSION" />
62-->[androidx.core:core:1.13.1] AndroidManifest.xml:26:5-97
62-->[androidx.core:core:1.13.1] AndroidManifest.xml:26:22-94
63
64    <application
65        android:name="android.app.Application"
66        android:appComponentFactory="androidx.core.app.CoreComponentFactory"
66-->[androidx.core:core:1.13.1] AndroidManifest.xml:28:18-86
67        android:debuggable="true"
68        android:extractNativeLibs="false"
69        android:icon="@mipmap/ic_launcher "
70        android:label="MAZFLIX" >
71        <activity
72            android:name="com.burjonet.burjo_stock.MainActivity"
73            android:configChanges="orientation|keyboardHidden|keyboard|screenSize|smallestScreenSize|locale|layoutDirection|fontScale|screenLayout|density|uiMode"
74            android:exported="true"
75            android:hardwareAccelerated="true"
76            android:launchMode="singleTop"
77            android:taskAffinity=""
78            android:theme="@style/LaunchTheme"
79            android:windowSoftInputMode="adjustResize" >
80
81            <!--
82                 Specifies an Android theme to apply to this Activity as soon as
83                 the Android process has started. This theme is visible to the user
84                 while the Flutter UI initializes. After that, this theme continues
85                 to determine the Window background behind the Flutter UI.
86            -->
87            <meta-data
88                android:name="io.flutter.embedding.android.NormalTheme"
89                android:resource="@style/NormalTheme" />
90            <meta-data
91                android:name="com.google.firebase.messaging.default_notification_channel_id"
92                android:value="stock_notification" />
93
94            <intent-filter>
95                <action android:name="android.intent.action.MAIN" />
96
97                <category android:name="android.intent.category.LAUNCHER" />
98            </intent-filter>
99        </activity>
100        <!--
101             Don't delete the meta-data below.
102             This is used by the Flutter tool to generate GeneratedPluginRegistrant.java
103        -->
104        <meta-data
105            android:name="flutterEmbedding"
106            android:value="2" />
107
108        <activity
108-->[:url_launcher_android] AndroidManifest.xml:8:9-11:74
109            android:name="io.flutter.plugins.urllauncher.WebViewActivity"
109-->[:url_launcher_android] AndroidManifest.xml:9:13-74
110            android:exported="false"
110-->[:url_launcher_android] AndroidManifest.xml:10:13-37
111            android:theme="@android:style/Theme.NoTitleBar.Fullscreen" />
111-->[:url_launcher_android] AndroidManifest.xml:11:13-71
112
113        <service
113-->[:firebase_auth] AndroidManifest.xml:8:9-12:19
114            android:name="com.google.firebase.components.ComponentDiscoveryService"
114-->[:firebase_auth] AndroidManifest.xml:8:18-89
115            android:directBootAware="true"
115-->[com.google.firebase:firebase-common:21.0.0] AndroidManifest.xml:32:13-43
116            android:exported="false" >
116-->[com.google.firebase:firebase-auth:23.2.0] AndroidManifest.xml:68:13-37
117            <meta-data
117-->[:firebase_auth] AndroidManifest.xml:9:13-11:85
118                android:name="com.google.firebase.components:io.flutter.plugins.firebase.auth.FlutterFirebaseAuthRegistrar"
118-->[:firebase_auth] AndroidManifest.xml:10:17-124
119                android:value="com.google.firebase.components.ComponentRegistrar" />
119-->[:firebase_auth] AndroidManifest.xml:11:17-82
120            <meta-data
120-->[:firebase_database] AndroidManifest.xml:9:13-11:85
121                android:name="com.google.firebase.components:io.flutter.plugins.firebase.database.FlutterFirebaseAppRegistrar"
121-->[:firebase_database] AndroidManifest.xml:10:17-127
122                android:value="com.google.firebase.components.ComponentRegistrar" />
122-->[:firebase_database] AndroidManifest.xml:11:17-82
123            <meta-data
123-->[:firebase_messaging] AndroidManifest.xml:36:13-38:85
124                android:name="com.google.firebase.components:io.flutter.plugins.firebase.messaging.FlutterFirebaseAppRegistrar"
124-->[:firebase_messaging] AndroidManifest.xml:37:17-128
125                android:value="com.google.firebase.components.ComponentRegistrar" />
125-->[:firebase_messaging] AndroidManifest.xml:38:17-82
126            <meta-data
126-->[:firebase_core] AndroidManifest.xml:9:13-11:85
127                android:name="com.google.firebase.components:io.flutter.plugins.firebase.core.FlutterFirebaseCoreRegistrar"
127-->[:firebase_core] AndroidManifest.xml:10:17-124
128                android:value="com.google.firebase.components.ComponentRegistrar" />
128-->[:firebase_core] AndroidManifest.xml:11:17-82
129            <meta-data
129-->[com.google.firebase:firebase-auth:23.2.0] AndroidManifest.xml:69:13-71:85
130                android:name="com.google.firebase.components:com.google.firebase.auth.FirebaseAuthRegistrar"
130-->[com.google.firebase:firebase-auth:23.2.0] AndroidManifest.xml:70:17-109
131                android:value="com.google.firebase.components.ComponentRegistrar" />
131-->[com.google.firebase:firebase-auth:23.2.0] AndroidManifest.xml:71:17-82
132            <meta-data
132-->[com.google.firebase:firebase-database:21.0.0] AndroidManifest.xml:29:13-31:85
133                android:name="com.google.firebase.components:com.google.firebase.database.FirebaseDatabaseKtxRegistrar"
133-->[com.google.firebase:firebase-database:21.0.0] AndroidManifest.xml:30:17-120
134                android:value="com.google.firebase.components.ComponentRegistrar" />
134-->[com.google.firebase:firebase-database:21.0.0] AndroidManifest.xml:31:17-82
135            <meta-data
135-->[com.google.firebase:firebase-database:21.0.0] AndroidManifest.xml:32:13-34:85
136                android:name="com.google.firebase.components:com.google.firebase.database.DatabaseRegistrar"
136-->[com.google.firebase:firebase-database:21.0.0] AndroidManifest.xml:33:17-109
137                android:value="com.google.firebase.components.ComponentRegistrar" />
137-->[com.google.firebase:firebase-database:21.0.0] AndroidManifest.xml:34:17-82
138            <meta-data
138-->[com.google.firebase:firebase-messaging:24.1.0] AndroidManifest.xml:57:13-59:85
139                android:name="com.google.firebase.components:com.google.firebase.messaging.FirebaseMessagingKtxRegistrar"
139-->[com.google.firebase:firebase-messaging:24.1.0] AndroidManifest.xml:58:17-122
140                android:value="com.google.firebase.components.ComponentRegistrar" />
140-->[com.google.firebase:firebase-messaging:24.1.0] AndroidManifest.xml:59:17-82
141            <meta-data
141-->[com.google.firebase:firebase-messaging:24.1.0] AndroidManifest.xml:60:13-62:85
142                android:name="com.google.firebase.components:com.google.firebase.messaging.FirebaseMessagingRegistrar"
142-->[com.google.firebase:firebase-messaging:24.1.0] AndroidManifest.xml:61:17-119
143                android:value="com.google.firebase.components.ComponentRegistrar" />
143-->[com.google.firebase:firebase-messaging:24.1.0] AndroidManifest.xml:62:17-82
144            <meta-data
144-->[com.google.firebase:firebase-installations:18.0.0] AndroidManifest.xml:15:13-17:85
145                android:name="com.google.firebase.components:com.google.firebase.installations.FirebaseInstallationsKtxRegistrar"
145-->[com.google.firebase:firebase-installations:18.0.0] AndroidManifest.xml:16:17-130
146                android:value="com.google.firebase.components.ComponentRegistrar" />
146-->[com.google.firebase:firebase-installations:18.0.0] AndroidManifest.xml:17:17-82
147            <meta-data
147-->[com.google.firebase:firebase-installations:18.0.0] AndroidManifest.xml:18:13-20:85
148                android:name="com.google.firebase.components:com.google.firebase.installations.FirebaseInstallationsRegistrar"
148-->[com.google.firebase:firebase-installations:18.0.0] AndroidManifest.xml:19:17-127
149                android:value="com.google.firebase.components.ComponentRegistrar" />
149-->[com.google.firebase:firebase-installations:18.0.0] AndroidManifest.xml:20:17-82
150            <meta-data
150-->[com.google.firebase:firebase-common-ktx:21.0.0] AndroidManifest.xml:12:13-14:85
151                android:name="com.google.firebase.components:com.google.firebase.ktx.FirebaseCommonLegacyRegistrar"
151-->[com.google.firebase:firebase-common-ktx:21.0.0] AndroidManifest.xml:13:17-116
152                android:value="com.google.firebase.components.ComponentRegistrar" />
152-->[com.google.firebase:firebase-common-ktx:21.0.0] AndroidManifest.xml:14:17-82
153            <meta-data
153-->[com.google.firebase:firebase-common:21.0.0] AndroidManifest.xml:35:13-37:85
154                android:name="com.google.firebase.components:com.google.firebase.FirebaseCommonKtxRegistrar"
154-->[com.google.firebase:firebase-common:21.0.0] AndroidManifest.xml:36:17-109
155                android:value="com.google.firebase.components.ComponentRegistrar" />
155-->[com.google.firebase:firebase-common:21.0.0] AndroidManifest.xml:37:17-82
156            <meta-data
156-->[com.google.firebase:firebase-datatransport:18.2.0] AndroidManifest.xml:25:13-27:85
157                android:name="com.google.firebase.components:com.google.firebase.datatransport.TransportRegistrar"
157-->[com.google.firebase:firebase-datatransport:18.2.0] AndroidManifest.xml:26:17-115
158                android:value="com.google.firebase.components.ComponentRegistrar" />
158-->[com.google.firebase:firebase-datatransport:18.2.0] AndroidManifest.xml:27:17-82
159        </service>
160        <service
160-->[:firebase_messaging] AndroidManifest.xml:14:9-17:72
161            android:name="io.flutter.plugins.firebase.messaging.FlutterFirebaseMessagingBackgroundService"
161-->[:firebase_messaging] AndroidManifest.xml:15:13-107
162            android:exported="false"
162-->[:firebase_messaging] AndroidManifest.xml:16:13-37
163            android:permission="android.permission.BIND_JOB_SERVICE" />
163-->[:firebase_messaging] AndroidManifest.xml:17:13-69
164        <service
164-->[:firebase_messaging] AndroidManifest.xml:18:9-24:19
165            android:name="io.flutter.plugins.firebase.messaging.FlutterFirebaseMessagingService"
165-->[:firebase_messaging] AndroidManifest.xml:19:13-97
166            android:exported="false" >
166-->[:firebase_messaging] AndroidManifest.xml:20:13-37
167            <intent-filter>
167-->[:firebase_messaging] AndroidManifest.xml:21:13-23:29
168                <action android:name="com.google.firebase.MESSAGING_EVENT" />
168-->[:firebase_messaging] AndroidManifest.xml:22:17-78
168-->[:firebase_messaging] AndroidManifest.xml:22:25-75
169            </intent-filter>
170        </service>
171
172        <receiver
172-->[:firebase_messaging] AndroidManifest.xml:26:9-33:20
173            android:name="io.flutter.plugins.firebase.messaging.FlutterFirebaseMessagingReceiver"
173-->[:firebase_messaging] AndroidManifest.xml:27:13-98
174            android:exported="true"
174-->[:firebase_messaging] AndroidManifest.xml:28:13-36
175            android:permission="com.google.android.c2dm.permission.SEND" >
175-->[:firebase_messaging] AndroidManifest.xml:29:13-73
176            <intent-filter>
176-->[:firebase_messaging] AndroidManifest.xml:30:13-32:29
177                <action android:name="com.google.android.c2dm.intent.RECEIVE" />
177-->[:firebase_messaging] AndroidManifest.xml:31:17-81
177-->[:firebase_messaging] AndroidManifest.xml:31:25-78
178            </intent-filter>
179        </receiver>
180
181        <provider
181-->[:firebase_messaging] AndroidManifest.xml:41:9-45:38
182            android:name="io.flutter.plugins.firebase.messaging.FlutterFirebaseMessagingInitProvider"
182-->[:firebase_messaging] AndroidManifest.xml:42:13-102
183            android:authorities="com.burjonet.burjo_stock.flutterfirebasemessaginginitprovider"
183-->[:firebase_messaging] AndroidManifest.xml:43:13-88
184            android:exported="false"
184-->[:firebase_messaging] AndroidManifest.xml:44:13-37
185            android:initOrder="99" />
185-->[:firebase_messaging] AndroidManifest.xml:45:13-35
186
187        <activity
187-->[com.google.firebase:firebase-auth:23.2.0] AndroidManifest.xml:29:9-46:20
188            android:name="com.google.firebase.auth.internal.GenericIdpActivity"
188-->[com.google.firebase:firebase-auth:23.2.0] AndroidManifest.xml:30:13-80
189            android:excludeFromRecents="true"
189-->[com.google.firebase:firebase-auth:23.2.0] AndroidManifest.xml:31:13-46
190            android:exported="true"
190-->[com.google.firebase:firebase-auth:23.2.0] AndroidManifest.xml:32:13-36
191            android:launchMode="singleTask"
191-->[com.google.firebase:firebase-auth:23.2.0] AndroidManifest.xml:33:13-44
192            android:theme="@android:style/Theme.Translucent.NoTitleBar" >
192-->[com.google.firebase:firebase-auth:23.2.0] AndroidManifest.xml:34:13-72
193            <intent-filter>
193-->[com.google.firebase:firebase-auth:23.2.0] AndroidManifest.xml:35:13-45:29
194                <action android:name="android.intent.action.VIEW" />
194-->[com.google.firebase:firebase-auth:23.2.0] AndroidManifest.xml:36:17-69
194-->[com.google.firebase:firebase-auth:23.2.0] AndroidManifest.xml:36:25-66
195
196                <category android:name="android.intent.category.DEFAULT" />
196-->[com.google.firebase:firebase-auth:23.2.0] AndroidManifest.xml:38:17-76
196-->[com.google.firebase:firebase-auth:23.2.0] AndroidManifest.xml:38:27-73
197                <category android:name="android.intent.category.BROWSABLE" />
197-->[com.google.firebase:firebase-auth:23.2.0] AndroidManifest.xml:39:17-78
197-->[com.google.firebase:firebase-auth:23.2.0] AndroidManifest.xml:39:27-75
198
199                <data
199-->src\main\AndroidManifest.xml:7:13-50
200                    android:host="firebase.auth"
201                    android:path="/"
202                    android:scheme="genericidp" />
203            </intent-filter>
204        </activity>
205        <activity
205-->[com.google.firebase:firebase-auth:23.2.0] AndroidManifest.xml:47:9-64:20
206            android:name="com.google.firebase.auth.internal.RecaptchaActivity"
206-->[com.google.firebase:firebase-auth:23.2.0] AndroidManifest.xml:48:13-79
207            android:excludeFromRecents="true"
207-->[com.google.firebase:firebase-auth:23.2.0] AndroidManifest.xml:49:13-46
208            android:exported="true"
208-->[com.google.firebase:firebase-auth:23.2.0] AndroidManifest.xml:50:13-36
209            android:launchMode="singleTask"
209-->[com.google.firebase:firebase-auth:23.2.0] AndroidManifest.xml:51:13-44
210            android:theme="@android:style/Theme.Translucent.NoTitleBar" >
210-->[com.google.firebase:firebase-auth:23.2.0] AndroidManifest.xml:52:13-72
211            <intent-filter>
211-->[com.google.firebase:firebase-auth:23.2.0] AndroidManifest.xml:53:13-63:29
212                <action android:name="android.intent.action.VIEW" />
212-->[com.google.firebase:firebase-auth:23.2.0] AndroidManifest.xml:36:17-69
212-->[com.google.firebase:firebase-auth:23.2.0] AndroidManifest.xml:36:25-66
213
214                <category android:name="android.intent.category.DEFAULT" />
214-->[com.google.firebase:firebase-auth:23.2.0] AndroidManifest.xml:38:17-76
214-->[com.google.firebase:firebase-auth:23.2.0] AndroidManifest.xml:38:27-73
215                <category android:name="android.intent.category.BROWSABLE" />
215-->[com.google.firebase:firebase-auth:23.2.0] AndroidManifest.xml:39:17-78
215-->[com.google.firebase:firebase-auth:23.2.0] AndroidManifest.xml:39:27-75
216
217                <data
217-->src\main\AndroidManifest.xml:7:13-50
218                    android:host="firebase.auth"
219                    android:path="/"
220                    android:scheme="recaptcha" />
221            </intent-filter>
222        </activity>
223
224        <uses-library
224-->[androidx.window:window:1.2.0] AndroidManifest.xml:23:9-25:40
225            android:name="androidx.window.extensions"
225-->[androidx.window:window:1.2.0] AndroidManifest.xml:24:13-54
226            android:required="false" />
226-->[androidx.window:window:1.2.0] AndroidManifest.xml:25:13-37
227        <uses-library
227-->[androidx.window:window:1.2.0] AndroidManifest.xml:26:9-28:40
228            android:name="androidx.window.sidecar"
228-->[androidx.window:window:1.2.0] AndroidManifest.xml:27:13-51
229            android:required="false" />
229-->[androidx.window:window:1.2.0] AndroidManifest.xml:28:13-37
230
231        <receiver
231-->[com.google.firebase:firebase-messaging:24.1.0] AndroidManifest.xml:29:9-40:20
232            android:name="com.google.firebase.iid.FirebaseInstanceIdReceiver"
232-->[com.google.firebase:firebase-messaging:24.1.0] AndroidManifest.xml:30:13-78
233            android:exported="true"
233-->[com.google.firebase:firebase-messaging:24.1.0] AndroidManifest.xml:31:13-36
234            android:permission="com.google.android.c2dm.permission.SEND" >
234-->[com.google.firebase:firebase-messaging:24.1.0] AndroidManifest.xml:32:13-73
235            <intent-filter>
235-->[:firebase_messaging] AndroidManifest.xml:30:13-32:29
236                <action android:name="com.google.android.c2dm.intent.RECEIVE" />
236-->[:firebase_messaging] AndroidManifest.xml:31:17-81
236-->[:firebase_messaging] AndroidManifest.xml:31:25-78
237            </intent-filter>
238
239            <meta-data
239-->[com.google.firebase:firebase-messaging:24.1.0] AndroidManifest.xml:37:13-39:40
240                android:name="com.google.android.gms.cloudmessaging.FINISHED_AFTER_HANDLED"
240-->[com.google.firebase:firebase-messaging:24.1.0] AndroidManifest.xml:38:17-92
241                android:value="true" />
241-->[com.google.firebase:firebase-messaging:24.1.0] AndroidManifest.xml:39:17-37
242        </receiver>
243        <!--
244             FirebaseMessagingService performs security checks at runtime,
245             but set to not exported to explicitly avoid allowing another app to call it.
246        -->
247        <service
247-->[com.google.firebase:firebase-messaging:24.1.0] AndroidManifest.xml:46:9-53:19
248            android:name="com.google.firebase.messaging.FirebaseMessagingService"
248-->[com.google.firebase:firebase-messaging:24.1.0] AndroidManifest.xml:47:13-82
249            android:directBootAware="true"
249-->[com.google.firebase:firebase-messaging:24.1.0] AndroidManifest.xml:48:13-43
250            android:exported="false" >
250-->[com.google.firebase:firebase-messaging:24.1.0] AndroidManifest.xml:49:13-37
251            <intent-filter android:priority="-500" >
251-->[:firebase_messaging] AndroidManifest.xml:21:13-23:29
252                <action android:name="com.google.firebase.MESSAGING_EVENT" />
252-->[:firebase_messaging] AndroidManifest.xml:22:17-78
252-->[:firebase_messaging] AndroidManifest.xml:22:25-75
253            </intent-filter>
254        </service>
255
256        <provider
256-->[com.google.firebase:firebase-common:21.0.0] AndroidManifest.xml:23:9-28:39
257            android:name="com.google.firebase.provider.FirebaseInitProvider"
257-->[com.google.firebase:firebase-common:21.0.0] AndroidManifest.xml:24:13-77
258            android:authorities="com.burjonet.burjo_stock.firebaseinitprovider"
258-->[com.google.firebase:firebase-common:21.0.0] AndroidManifest.xml:25:13-72
259            android:directBootAware="true"
259-->[com.google.firebase:firebase-common:21.0.0] AndroidManifest.xml:26:13-43
260            android:exported="false"
260-->[com.google.firebase:firebase-common:21.0.0] AndroidManifest.xml:27:13-37
261            android:initOrder="100" />
261-->[com.google.firebase:firebase-common:21.0.0] AndroidManifest.xml:28:13-36
262
263        <service
263-->[androidx.credentials:credentials-play-services-auth:1.2.0-rc01] AndroidManifest.xml:24:9-32:19
264            android:name="androidx.credentials.playservices.CredentialProviderMetadataHolder"
264-->[androidx.credentials:credentials-play-services-auth:1.2.0-rc01] AndroidManifest.xml:25:13-94
265            android:enabled="true"
265-->[androidx.credentials:credentials-play-services-auth:1.2.0-rc01] AndroidManifest.xml:26:13-35
266            android:exported="false" >
266-->[androidx.credentials:credentials-play-services-auth:1.2.0-rc01] AndroidManifest.xml:27:13-37
267            <meta-data
267-->[androidx.credentials:credentials-play-services-auth:1.2.0-rc01] AndroidManifest.xml:29:13-31:104
268                android:name="androidx.credentials.CREDENTIAL_PROVIDER_KEY"
268-->[androidx.credentials:credentials-play-services-auth:1.2.0-rc01] AndroidManifest.xml:30:17-76
269                android:value="androidx.credentials.playservices.CredentialProviderPlayServicesImpl" />
269-->[androidx.credentials:credentials-play-services-auth:1.2.0-rc01] AndroidManifest.xml:31:17-101
270        </service>
271
272        <activity
272-->[androidx.credentials:credentials-play-services-auth:1.2.0-rc01] AndroidManifest.xml:34:9-41:20
273            android:name="androidx.credentials.playservices.HiddenActivity"
273-->[androidx.credentials:credentials-play-services-auth:1.2.0-rc01] AndroidManifest.xml:35:13-76
274            android:configChanges="orientation|screenSize|screenLayout|keyboardHidden"
274-->[androidx.credentials:credentials-play-services-auth:1.2.0-rc01] AndroidManifest.xml:36:13-87
275            android:enabled="true"
275-->[androidx.credentials:credentials-play-services-auth:1.2.0-rc01] AndroidManifest.xml:37:13-35
276            android:exported="false"
276-->[androidx.credentials:credentials-play-services-auth:1.2.0-rc01] AndroidManifest.xml:38:13-37
277            android:fitsSystemWindows="true"
277-->[androidx.credentials:credentials-play-services-auth:1.2.0-rc01] AndroidManifest.xml:39:13-45
278            android:theme="@style/Theme.Hidden" >
278-->[androidx.credentials:credentials-play-services-auth:1.2.0-rc01] AndroidManifest.xml:40:13-48
279        </activity>
280        <activity
280-->[com.google.android.gms:play-services-auth:20.7.0] AndroidManifest.xml:23:9-27:75
281            android:name="com.google.android.gms.auth.api.signin.internal.SignInHubActivity"
281-->[com.google.android.gms:play-services-auth:20.7.0] AndroidManifest.xml:24:13-93
282            android:excludeFromRecents="true"
282-->[com.google.android.gms:play-services-auth:20.7.0] AndroidManifest.xml:25:13-46
283            android:exported="false"
283-->[com.google.android.gms:play-services-auth:20.7.0] AndroidManifest.xml:26:13-37
284            android:theme="@android:style/Theme.Translucent.NoTitleBar" />
284-->[com.google.android.gms:play-services-auth:20.7.0] AndroidManifest.xml:27:13-72
285        <!--
286            Service handling Google Sign-In user revocation. For apps that do not integrate with
287            Google Sign-In, this service will never be started.
288        -->
289        <service
289-->[com.google.android.gms:play-services-auth:20.7.0] AndroidManifest.xml:33:9-37:51
290            android:name="com.google.android.gms.auth.api.signin.RevocationBoundService"
290-->[com.google.android.gms:play-services-auth:20.7.0] AndroidManifest.xml:34:13-89
291            android:exported="true"
291-->[com.google.android.gms:play-services-auth:20.7.0] AndroidManifest.xml:35:13-36
292            android:permission="com.google.android.gms.auth.api.signin.permission.REVOCATION_NOTIFICATION"
292-->[com.google.android.gms:play-services-auth:20.7.0] AndroidManifest.xml:36:13-107
293            android:visibleToInstantApps="true" />
293-->[com.google.android.gms:play-services-auth:20.7.0] AndroidManifest.xml:37:13-48
294
295        <activity
295-->[com.google.android.gms:play-services-base:18.1.0] AndroidManifest.xml:20:9-22:45
296            android:name="com.google.android.gms.common.api.GoogleApiActivity"
296-->[com.google.android.gms:play-services-base:18.1.0] AndroidManifest.xml:20:19-85
297            android:exported="false"
297-->[com.google.android.gms:play-services-base:18.1.0] AndroidManifest.xml:22:19-43
298            android:theme="@android:style/Theme.Translucent.NoTitleBar" />
298-->[com.google.android.gms:play-services-base:18.1.0] AndroidManifest.xml:21:19-78
299
300        <provider
300-->[androidx.lifecycle:lifecycle-process:2.7.0] AndroidManifest.xml:24:9-32:20
301            android:name="androidx.startup.InitializationProvider"
301-->[androidx.lifecycle:lifecycle-process:2.7.0] AndroidManifest.xml:25:13-67
302            android:authorities="com.burjonet.burjo_stock.androidx-startup"
302-->[androidx.lifecycle:lifecycle-process:2.7.0] AndroidManifest.xml:26:13-68
303            android:exported="false" >
303-->[androidx.lifecycle:lifecycle-process:2.7.0] AndroidManifest.xml:27:13-37
304            <meta-data
304-->[androidx.lifecycle:lifecycle-process:2.7.0] AndroidManifest.xml:29:13-31:52
305                android:name="androidx.lifecycle.ProcessLifecycleInitializer"
305-->[androidx.lifecycle:lifecycle-process:2.7.0] AndroidManifest.xml:30:17-78
306                android:value="androidx.startup" />
306-->[androidx.lifecycle:lifecycle-process:2.7.0] AndroidManifest.xml:31:17-49
307            <meta-data